<?xml version="1.0" encoding="UTF-8"?>
<!-- Generated by org.testng.reporters.JUnitXMLReporter -->
<testsuite ignored="1" hostname="LAPTOP-IQ9LTDG5" failures="0" tests="1" name="Default test" time="27.547" errors="0" timestamp="2023-06-29T22:26:37 IST">
  <testcase classname="testcases.E2ETest" name="e2e_select_toAndFromCity" time="22.85"/>
  <testcase classname="testcases.E2ETest" name="e2e_select_toAndFromCity1" time="0.0">
    <ignored/>
  </testcase> <!-- e2e_select_toAndFromCity1 -->
</testsuite> <!-- Default test -->
