<?xml version="1.0" encoding="UTF-8"?>
<!-- Generated by org.testng.reporters.JUnitXMLReporter -->
<testsuite ignored="2" hostname="LAPTOP-IQ9LTDG5" failures="0" tests="0" time="0.965" errors="0" timestamp="2023-07-09T16:12:17 IST">
  <testcase classname="testcases.E2ETest" name="e2e_select_toAndFromCity" time="0.0">
    <ignored/>
  </testcase> <!-- e2e_select_toAndFromCity -->
  <testcase classname="testcases.E2ETest" name="e2e_searchFlight_toAndFromCity1" time="0.0">
    <ignored/>
  </testcase> <!-- e2e_searchFlight_toAndFromCity1 -->
</testsuite>
