<?xml version="1.0" encoding="UTF-8"?>
<!-- Generated by org.testng.reporters.JUnitXMLReporter -->
<testsuite ignored="0" hostname="LAPTOP-IQ9LTDG5" failures="1" tests="3" name="Test" time="57.772" errors="0" timestamp="2023-07-15T18:14:21 IST">
  <testcase classname="testcases.E2ETest" name="e2e_select_toAndFromCity" time="14.445"/>
  <testcase classname="testcases.E2ETest" name="e2e_searchFlight_toAndFromCity1" time="16.404">
    <skipped/>
  </testcase> <!-- e2e_searchFlight_toAndFromCity1 -->
  <testcase classname="testcases.E2ETest" name="e2e_searchFlight_toAndFromCity1" time="16.675">
    <failure type="java.lang.AssertionError" message=" . Mismatch Found for expected [Welcome to India] but found [Welcome]">
      <![CDATA[java.lang.AssertionError:  . Mismatch Found for expected [Welcome to India] but found [Welcome]
at testcases.E2ETest.e2e_searchFlight_toAndFromCity1(E2ETest.java:73)
at java.base/java.util.ArrayList.forEach(ArrayList.java:1511)
at java.base/java.util.concurrent.FutureTask.run(FutureTask.java:264)
at java.base/java.util.concurrent.ThreadPoolExecutor.runWorker(ThreadPoolExecutor.java:1130)
at java.base/java.util.concurrent.ThreadPoolExecutor$Worker.run(ThreadPoolExecutor.java:630)
at java.base/java.lang.Thread.run(Thread.java:832)
... Removed 23 stack frames]]>
    </failure>
  </testcase> <!-- e2e_searchFlight_toAndFromCity1 -->
</testsuite> <!-- Test -->
